<?xml version="1.0" encoding="UTF-8"?>
<!-- Generated by org.testng.reporters.JUnitXMLReporter -->
<testsuite ignored="0" hostname="Shanthipriya" failures="1" tests="2" name="Default test" time="36.298" errors="0" timestamp="2026-01-05T15:54:20 IST">
  <testcase classname="io.cucumber.testng.AbstractTestNGCucumberTests" name="runScenario" time="15.627"/>
  <testcase classname="io.cucumber.testng.AbstractTestNGCucumberTests" name="runScenario" time="15.959">
    <failure type="java.lang.NullPointerException" message="Cannot invoke &amp;quot;org.openqa.selenium.WebElement.getText()&amp;quot; because &amp;quot;element&amp;quot; is null">
      <![CDATA[java.lang.NullPointerException: Cannot invoke "org.openqa.selenium.WebElement.getText()" because "element" is null
at coreUtils.SeleniumHelper.getTextFromAnElement(SeleniumHelper.java:116)
at pageObjects.HomePage.verifyStaticText(HomePage.java:31)
at stepDefinition.LoginPageStepDef.User_lands_in_homepage(LoginPageStepDef.java:55)
at ✽.User lands in homepage(file:///C:/Nithya/Selenium-Automation/mavensample/src/test/resources/Feature/LoginPage.feature:12)
]]>
    </failure>
  </testcase> <!-- runScenario -->
</testsuite> <!-- Default test -->
