<?xml version="1.0" encoding="UTF-8"?>
<!-- Generated by org.testng.reporters.JUnitReportReporter -->
<testsuite hostname="Shanthipriya" failures="0" tests="2" name="runnerFile.TestRunnerClass" time="31.586" errors="1" timestamp="2026-01-05T15:54:20 IST" skipped="0">
  <testcase classname="runnerFile.TestRunnerClass" name="runScenario" time="15.627"/>
  <testcase classname="runnerFile.TestRunnerClass" name="runScenario" time="15.959">
    <error message="Cannot invoke &quot;org.openqa.selenium.WebElement.getText()&quot; because &quot;element&quot; is null" type="java.lang.NullPointerException">
      <![CDATA[java.lang.NullPointerException: Cannot invoke "org.openqa.selenium.WebElement.getText()" because "element" is null
at coreUtils.SeleniumHelper.getTextFromAnElement(SeleniumHelper.java:116)
at pageObjects.HomePage.verifyStaticText(HomePage.java:31)
at stepDefinition.LoginPageStepDef.User_lands_in_homepage(LoginPageStepDef.java:55)
at ✽.User lands in homepage(file:///C:/Nithya/Selenium-Automation/mavensample/src/test/resources/Feature/LoginPage.feature:12)
]]>
    </error>
  </testcase> <!-- runScenario -->
</testsuite> <!-- runnerFile.TestRunnerClass -->
